  LIFE-Sim.cpp
C:\Users\morte\source\repos\ecosystem\LIFE-Sim\LIFE-Sim.cpp(34,61): warning C4244: 'argument': conversion from 'T' to 'T', possible loss of data
          with
          [
              T=double
          ]
          and
          [
              T=float
          ]
C:\Users\morte\source\repos\ecosystem\LIFE-Sim\LIFE-Sim.cpp(34,42): warning C4244: 'argument': conversion from 'T' to 'T', possible loss of data
          with
          [
              T=double
          ]
          and
          [
              T=float
          ]
  Generating code
  Previous IPDB was built with incompatible compiler, fall back to full compilation.
  All 1645 functions were compiled because no usable IPDB/IOBJ from previous compilation was found.
  Finished generating code
  LIFE-Sim.vcxproj -> C:\Users\morte\source\repos\ecosystem\x64\Release\LIFE-Sim.exe
